Connected to db!
User +79855987377 is not found!

User +79855987377 is not found!

User +79167219431 is not found!

User +79167219431 is not found!

User +79269279939 is not found!

User +79269279939 is not found!

User +79263710909 is not found!

User +79263710909 is not found!

User +79155377052 is not found!

User +79155377052 is not found!

User +79261998416 is not found!

User +79261998416 is not found!

User +79167534441 is not found!

User +79167534441 is not found!

User +79152415479 is found! Card 2310025821452 is found and not active! Card 2310025821452 already linked to user +79152415479

User +79099202916 is found! Card 2310025821148 is found and not active! Card 2310025821148 already linked to user +79099202916

User +79099202916 is found! Card 2310025821155 is found and not active! Card 2310025821155 already linked to user +79099202916

User +79154726990 is found! Card 2310025821122 is found and not active! Card 2310025821122 already linked to user +79154726990

User +79154726990 is found! Card 2310025821130 is found and not active! Card 2310025821130 already linked to user +79154726990

User +79651856720 is found! Card 2310025821114 is found and not active! Card 2310025821114 already linked to user +79651856720

User +79651856720 is found! Card 2310025821106 is found and not active! Card 2310025821106 already linked to user +79651856720

User +79160827753 is found! Card 2310025821726 is found and not active! Card 2310025821726 already linked to user +79160827753

User +79160827753 is found! Card 2310025821718 is found and not active! Card 2310025821718 already linked to user +79160827753

User +79032630394 is found! Card 2310025821692 is found and not active! Card 2310025821692 already linked to user +79032630394

User +79032630394 is found! Card 2310025821700 is found and not active! Card 2310025821700 already linked to user +79032630394

User +79031575367 is found! Card 2310025821668 is found and not active! Card 2310025821668 already linked to user +79031575367

User +79031575367 is found! Card 2310025821650 is found and not active! Card 2310025821650 already linked to user +79031575367

User +79031520223 is found! Card 2310025821676 is found and not active! Card 2310025821676 already linked to user +79031520223

User +79031520223 is found! Card 2310025821684 is found and not active! Card 2310025821684 already linked to user +79031520223

User +79652844491 is found! Card 2310025821643 is found and not active! Card 2310025821643 already linked to user +79652844491

User +79652844491 is found! Card 2310025821635 is found and not active! Card 2310025821635 already linked to user +79652844491

User +79039626894 is found! Card 2310025821627 is found and not active! Card 2310025821627 already linked to user +79039626894

User +79039626894 is found! Card 2310025821619 is found and not active! Card 2310025821619 already linked to user +79039626894

User +79035351731 is found! Card 2310025821601 is found and not active! Card 2310025821601 already linked to user +79035351731

User +79035351731 is found! Card 2310025821593 is found and not active! Card 2310025821593 already linked to user +79035351731

User +79150169406 is found! Card 2310025821585 is found and not active! Card 2310025821585 already linked to user +79150169406

User +79150169406 is found! Card 2310025821577 is found and not active! Card 2310025821577 already linked to user +79150169406

User +79168569655 is found! Card 2310025821569 is found and not active! Card 2310025821569 already linked to user +79168569655

User +79168569655 is found! Card 2310025821551 is found and not active! Card 2310025821551 already linked to user +79168569655

User +79067878973 is found! Card 2310025821528 is found and not active! Card 2310025821528 already linked to user +79067878973

User +79067878973 is found! Card 2310025821510 is found and not active! Card 2310025821510 already linked to user +79067878973

User +79067878973 is found! Card 2310025821502 is found and not active! Card 2310025821502 already linked to user +79067878973

User +79067878973 is found! Card 2310025821494 is found and not active! Card 2310025821494 already linked to user +79067878973

User +79067878973 is found! Card 2310025821163 is found and not active! Card 2310025821163 already linked to user +79067878973

User +79104929889 is found! Card 2310025821197 is found and not active! Card 2310025821197 already linked to user +79104929889

User +79685590404 is found! Card 2310025821205 is found and not active! Card 2310025821205 already linked to user +79685590404

User +79685590404 is found! Card 2310025821213 is found and not active! Card 2310025821213 already linked to user +79685590404

User +79857407001 is found! Card 2310025821239 is found and active! Balance of user +79857407001 is not enough! Balance is: 0 need 250

User +79857407001 is found! Card 2310025821221 is found and active! Balance of user +79857407001 is not enough! Balance is: 0 need 250

User +79999616478 is found! Card 2310025821247 is found and not active! Card 2310025821247 already linked to user +79999616478

User +79999616478 is found! Card 2310025821254 is found and not active! Card 2310025821254 already linked to user +79999616478

User +79688123148 is found! Card 2310025821270 is found and not active! Card 2310025821270 already linked to user +79688123148

User +79688123148 is found! Card 2310025821262 is found and not active! Card 2310025821262 already linked to user +79688123148

User +79688123098 is found! Card 2310025821288 is found and not active! Card 2310025821288 already linked to user +79688123098

User +79688123098 is found! Card 2310025823151 is found and not active! Card 2310025823151 already linked to user +79688123098

User +79262261557 is found! Card 2310025823177 is found and not active! Card 2310025823177 already linked to user +79262261557

User +79262261557 is found! Card 2310025823169 is found and not active! Card 2310025823169 already linked to user +79262261557

User +79266022721 is found! Card 2310025823193 is found and not active! Card 2310025823193 already linked to user +79266022721

User +79266022721 is found! Card 2310025823185 is found and not active! Card 2310025823185 already linked to user +79266022721

User +79055064033 is found! Card 2310025823219 is found and not active! Card 2310025823219 already linked to user +79055064033

User +79055064033 is found! Card 2310025823201 is found and not active! Card 2310025823201 already linked to user +79055064033

User +79037369809 is found! Card 2310025823243 is found and not active! Card 2310025823243 already linked to user +79037369809

User +79037369809 is found! Card 2310025823235 is found and not active! Card 2310025823235 already linked to user +79037369809

User +79032429164 is found! Card 2310025823227 is found and not active! Card 2310025823227 already linked to user +79032429164

User +79032429164 is found! Card 2310025821296 is found and not active! Card 2310025821296 already linked to user +79032429164

User +79163752719 is found! Card 2310025821312 is found and not active! Card 2310025821312 already linked to user +79163752719

User +79163752719 is found! Card 2310025821304 is found and not active! Card 2310025821304 already linked to user +79163752719

User +79168625097 is found! Card 2310025821338 is found and not active! Card 2310025821338 already linked to user +79168625097

User +79168625097 is found! Card 2310025821320 is found and not active! Card 2310025821320 already linked to user +79168625097

User +79039660020 is found! Card 2310025821379 is found and not active! Card 2310025821379 already linked to user +79039660020

User +79039660020 is found! Card 2310025821361 is found and not active! Card 2310025821361 already linked to user +79039660020

User +79267196770 is found! Card 2310025821395 is found and not active! Card 2310025821395 already linked to user +79267196770

User +79267196770 is found! Card 2310025821387 is found and not active! Card 2310025821387 already linked to user +79267196770

User +79169397157 is found! Card 2310025821411 is found and not active! Card 2310025821411 already linked to user +79169397157

User +79169397157 is found! Card 2310025821403 is found and not active! Card 2310025821403 already linked to user +79169397157

User +79268112080 is found! Card 2310025821437 is found and not active! Card 2310025821437 already linked to user +79268112080

User +79268112080 is found! Card 2310025821429 is found and not active! Card 2310025821429 already linked to user +79268112080

User +79031860673 is found! Card 2310025821460 is found and not active! Card 2310025821460 already linked to user +79031860673

User +79031860673 is found! Card 2310025821445 is found and not active! Card 2310025821445 already linked to user +79031860673

User +79031860673 is found! Card 2310025821478 is found and not active! Card 2310025821478 already linked to user +79031860673

User +79031860673 is found! Card 2310025821486 is found and not active! Card 2310025821486 already linked to user +79031860673

User +79263768141 is found! Card 2310025821080 is found and not active! Card 2310025821080 already linked to user +79263768141

User +79263768141 is found! Card 2310025821098 is found and not active! Card 2310025821098 already linked to user +79263768141

User +79265716172 is found! Card 2310025821064 is found and not active! Card 2310025821064 already linked to user +79265716172

User +79265716172 is found! Card 2310025821072 is found and not active! Card 2310025821072 already linked to user +79265716172

User +79166881314 is found! Card 2310025821049 is found and not active! Card 2310025821049 already linked to user +79166881314

User +79166881314 is found! Card 2310025821056 is found and not active! Card 2310025821056 already linked to user +79166881314

User +79166881414 is found! Card 2310025821023 is found and not active! Card 2310025821023 already linked to user +79166881414

User +79166881414 is found! Card 2310025821031 is found and not active! Card 2310025821031 already linked to user +79166881414

User +79037897555 is found! Card 2310025821007 is found and not active! Card 2310025821007 already linked to user +79037897555

User +79037897555 is found! Card 2310025821015 is found and not active! Card 2310025821015 already linked to user +79037897555

User +79032538576 is found! Card 2310025820983 is found and not active! Card 2310025820983 already linked to user +79032538576

User +79032538576 is found! Card 2310025820991 is found and not active! Card 2310025820991 already linked to user +79032538576

User +79057128369 is found! Card 2310025822971 is found and not active! Card 2310025822971 already linked to user +79057128369

User +79057128369 is found! Card 2310025822989 is found and not active! Card 2310025822989 already linked to user +79057128369

User +79165960756 is found! Card 2310025822997 is found and not active! Card 2310025822997 already linked to user +79165960756

User +79197792964 is found! Card 2310025823003 is found and not active! Card 2310025823003 already linked to user +79197792964

User +79197792964 is found! Card 2310025823011 is found and not active! Card 2310025823011 already linked to user +79197792964

User +79265322369 is found! Card 2310025823037 is found and not active! Card 2310025823037 already linked to user +79265322369

User +79265322369 is found! Card 2310025823029 is found and not active! Card 2310025823029 already linked to user +79265322369

User +79776022875 is found! Card 2310025823078 is found and not active! Card 2310025823078 already linked to user +79776022875

User +79776022875 is found! Card 2310025823045 is found and not active! Card 2310025823045 already linked to user +79776022875

User +79262164325 is found! Card 2310025823086 is found and not active! Card 2310025823086 already linked to user +79262164325

User +79262164325 is found! Card 2310025823052 is found and not active! Card 2310025823052 already linked to user +79262164325

User +79175066780 is found! Card 2310025823144 is found and not active! Card 2310025823144 already linked to user +79175066780

User +79175066780 is found! Card 2310025823136 is found and not active! Card 2310025823136 already linked to user +79175066780

User +79036623714 is found! Card 2310025823128 is found and not active! Card 2310025823128 already linked to user +79036623714

User +79263743802 is found! Card 2310025823110 is found and not active! Card 2310025823110 already linked to user +79263743802

User +79263743802 is found! Card 2310025823102 is found and not active! Card 2310025823102 already linked to user +79263743802

User +79295621718 is found! Card 2310025823094 is found and not active! Card 2310025823094 already linked to user +79295621718

User +79295621718 is found! Card 2310025823060 is found and not active! Card 2310025823060 already linked to user +79295621718

User +79057612050 is found! Card 2310025234268 is found and not active! Card 2310025234268 already linked to user +79057612050

User +79057612050 is found! Card 2310025234995 is found and not active! Card 2310025234995 already linked to user +79057612050

User +79268620393 is found! Card 2310025234987 is found and not active! Card 2310025234987 already linked to user +79268620393

User +79268620393 is found! Card 2310025235000 is found and not active! Card 2310025235000 already linked to user +79268620393

User +79153294205 is found! Card 2310025234979 is found and not active! Card 2310025234979 already linked to user +79153294205

User +79153294205 is found! Card 2310025234961 is found and not active! Card 2310025234961 already linked to user +79153294205

User +79153294205 is found! Card 2310025234953 is found and not active! Card 2310025234953 already linked to user +79153294205

User +79153294205 is found! Card 2310025234946 is found and not active! Card 2310025234946 already linked to user +79153294205

User +79175285269 is found! Card 2310025234920 is found and not active! Card 2310025234920 already linked to user +79175285269

User +79175285269 is found! Card 2310025234938 is found and not active! Card 2310025234938 already linked to user +79175285269

User +79169075029 is found! Card 2310025234912 is found and not active! Card 2310025234912 already linked to user +79169075029

User +79169075029 is found! Card 2310025234904 is found and not active! Card 2310025234904 already linked to user +79169075029

User +79169075029 is found! Card 2310025234896 is found and not active! Card 2310025234896 already linked to user +79169075029

User +79169075029 is found! Card 2310025234888 is found and not active! Card 2310025234888 already linked to user +79169075029

User +79854672906 is found! Card 2310025234870 is found and not active! Card 2310025234870 already linked to user +79854672906

User +79854672906 is found! Card 2310025234862 is found and not active! Card 2310025234862 already linked to user +79854672906

User +79258684826 is found! Card 2310025234854 is found and not active! Card 2310025234854 already linked to user +79258684826

User +79258684826 is found! Card 2310025234847 is found and not active! Card 2310025234847 already linked to user +79258684826

User +79851685227 is found! Card 2310025234839 is found and not active! Card 2310025234839 already linked to user +79851685227

User +79851685227 is found! Card 2310025234821 is found and not active! Card 2310025234821 already linked to user +79851685227

User +79031679409 is found! Card 2310025234813 is found and not active! Card 2310025234813 already linked to user +79031679409

User +79773580142 is found! Card 2310025234805 is found and not active! Card 2310025234805 already linked to user +79773580142

User +79773580142 is found! Card 2310025234797 is found and not active! Card 2310025234797 already linked to user +79773580142

User +79031348728 is found! Card 2310025234789 is found and not active! Card 2310025234789 already linked to user +79031348728

User +79031348728 is found! Card 2310025234771 is found and not active! Card 2310025234771 already linked to user +79031348728

User +79680123838 is found! Card 2310025234763 is found and not active! Card 2310025234763 already linked to user +79680123838

User +79680123838 is found! Card 2310025234755 is found and not active! Card 2310025234755 already linked to user +79680123838

User +79680123838 is found! Card 2310025234748 is found and not active! Card 2310025234748 already linked to user +79680123838

User +79680123838 is found! Card 2310025234730 is found and not active! Card 2310025234730 already linked to user +79680123838

User +79670917338 is found! Card 2310025234722 is found and not active! Card 2310025234722 already linked to user +79670917338

User +79670917338 is found! Card 2310025234714 is found and not active! Card 2310025234714 already linked to user +79670917338

User +79670917338 is found! Card 2310025234698 is found and not active! Card 2310025234698 already linked to user +79670917338

User +79670917338 is found! Card 2310025234706 is found and not active! Card 2310025234706 already linked to user +79670917338

User +79152943823 is found! Card 2310025234680 is found and not active! Card 2310025234680 already linked to user +79152943823

User +79152943823 is found! Card 2310025234672 is found and not active! Card 2310025234672 already linked to user +79152943823

User +79161199539 is found! Card 2310025234664 is found and not active! Card 2310025234664 already linked to user +79161199539

User +79161199539 is found! Card 2310025234656 is found and not active! Card 2310025234656 already linked to user +79161199539

User +79168496062 is found! Card 2310025234649 is found and not active! Card 2310025234649 already linked to user +79168496062

User +79168496062 is found! Card 2310025234631 is found and not active! Card 2310025234631 already linked to user +79168496062

User +79168542389 is found! Card 2310025234623 is found and not active! Card 2310025234623 already linked to user +79168542389

User +79168542389 is found! Card 2310025234615 is found and not active! Card 2310025234615 already linked to user +79168542389

User +79162361110 is found! Card 2310025234607 is found and not active! Card 2310025234607 already linked to user +79162361110

User +79162361110 is found! Card 2310025234599 is found and not active! Card 2310025234599 already linked to user +79162361110

User +79164033367 is found! Card 2310025234581 is found and not active! Card 2310025234581 already linked to user +79164033367

User +79164033367 is found! Card 2310025224573 is not found!

User +79167081265 is found! Card 2310025234565 is found and active! Balance of user +79167081265 is not enough! Balance is: 0 need 250

User +79167081265 is found! Card 2310025234557 is found and active! Balance of user +79167081265 is not enough! Balance is: 0 need 250

User +79057051988 is found! Card 2310025234540 is found and not active! Card 2310025234540 already linked to user +79057051988

User +79159726865 is found! Card 2310025234532 is found and not active! Card 2310025234532 already linked to user +79159726865

User +79159726865 is found! Card 2310025234524 is found and not active! Card 2310025234524 already linked to user +79159726865

User +79104241216 is found! Card 2310025234516 is found and not active! Card 2310025234516 already linked to user +79104241216

User +79104241216 is found! Card 2310025234508 is found and not active! Card 2310025234508 already linked to user +79104241216

User +79258465200 is found! Card 2310025234474 is found and not active! Card 2310025234474 already linked to user +79258465200

User +79258465200 is found! Card 2310025234466 is found and not active! Card 2310025234466 already linked to user +79258465200

User +79167428028 is found! Card 2310025234458 is found and not active! Card 2310025234458 already linked to user +79167428028

User +79296546558 is found! Card 2310025232619 is found and not active! Card 2310025232619 already linked to user +79296546558

User +79266502418 is found! Card 2310025232593 is found and not active! Card 2310025232593 already linked to user +79266502418

User +79266502418 is found! Card 2310025232601 is found and not active! Card 2310025232601 already linked to user +79266502418

User +79262221193 is found! Card 2310025232585 is found and not active! Card 2310025232585 already linked to user +79262221193

User +79164186767 is found! Card 2310025233542 is found and not active! Card 2310025233542 already linked to user +79164186767

User +79653932272 is found! Card 2310025233559 is found and not active! Card 2310025233559 already linked to user +79653932272

User +79651577477 is found! Card 2310025234276 is found and not active! Card 2310025234276 already linked to user +79651577477

User +79651577477 is found! Card 2310025234284 is found and not active! Card 2310025234284 already linked to user +79651577477

User +79629326085 is found! Card 2310025234292 is found and not active! Card 2310025234292 already linked to user +79629326085

User +79265308211 is found! Card 2310025234300 is found and not active! Card 2310025234300 already linked to user +79265308211

User +79265308211 is found! Card 2310025234318 is found and not active! Card 2310025234318 already linked to user +79265308211

User +79161824383 is found! Card 2310025234326 is found and not active! Card 2310025234326 already linked to user +79161824383

User +79154606145 is found! Card 2310025234342 is found and not active! Card 2310025234342 already linked to user +79154606145

User +79154606145 is found! Card 2310025234334 is found and not active! Card 2310025234334 already linked to user +79154606145

User +79031929728 is found! Card 2310025234359 is found and not active! Card 2310025234359 already linked to user +79031929728

User +79031929728 is found! Card 2310025234367 is not found!

User +79031929728 is found! Card 2310025234375 is found and not active! Card 2310025234375 already linked to user +79031929728

User +79031929728 is found! Card 2310025234383 is found and not active! Card 2310025234383 already linked to user +79031929728

User +79677639445 is found! Card 2310025234391 is found and not active! Card 2310025234391 already linked to user +79677639445

User +79677639445 is found! Card 2310025234409 is found and not active! Card 2310025234409 already linked to user +79677639445

User +79663084881 is found! Card 2310025234417 is found and not active! Card 2310025234417 already linked to user +79663084881

User +79663084881 is found! Card 2310025234425 is found and not active! Card 2310025234425 already linked to user +79663084881

User +79652666682 is found! Card 2310025234433 is found and not active! Card 2310025234433 already linked to user +79652666682

User +79652666682 is found! Card 2310025234441 is found and not active! Card 2310025234441 already linked to user +79652666682

User +79261120040 is found! Card 2310025232627 is found and not active! Card 2310025232627 already linked to user +79261120040

User +79261120040 is found! Card 2310025233567 is found and not active! Card 2310025233567 already linked to user +79261120040

User +79166169442 is found! Card 2310025234250 is found and not active! Card 2310025234250 already linked to user +79166169442

User +79166169442 is found! Card 2310025233146 is found and not active! Card 2310025233146 already linked to user +79166169442

User +79854917692 is found! Card 2310025233153 is found and not active! Card 2310025233153 already linked to user +79854917692

User +79854917692 is found! Card 2310025233161 is found and not active! Card 2310025233161 already linked to user +79854917692

User +79265714921 is found! Card 2310025233179 is found and not active! Card 2310025233179 already linked to user +79265714921

User +79265714921 is found! Card 2310025233187 is found and not active! Card 2310025233187 already linked to user +79265714921

User +79265593117 is found! Card 2310025233195 is found and not active! Card 2310025233195 already linked to user +79265593117

User +79265593117 is found! Card 2310025233203 is found and not active! Card 2310025233203 already linked to user +79265593117

User +79685569556 is found! Card 2310025233211 is found and not active! Card 2310025233211 already linked to user +79685569556

User +79685569556 is found! Card 2310025233229 is found and not active! Card 2310025233229 already linked to user +79685569556

User +79057410421 is found! Card 2310025233237 is found and not active! Card 2310025233237 already linked to user +79057410421

User +79032350361 is found! Card 2310025233245 is found and not active! Card 2310025233245 already linked to user +79032350361

User +79269209991 is found! Card 2310025233252 is found and not active! Card 2310025233252 already linked to user +79269209991

User +79269209991 is found! Card 2310025233260 is found and not active! Card 2310025233260 already linked to user +79269209991

User +79252353557 is found! Card 2310025332782 is not found!

User +79263530926 is found! Card 2310025233286 is found and not active! Card 2310025233286 already linked to user +79263530926

User +79263530926 is found! Card 2310025233294 is found and not active! Card 2310025233294 already linked to user +79263530926

User +79652112851 is found! Card 2310025233302 is found and not active! Card 2310025233302 already linked to user +79652112851

User +79652112851 is found! Card 2310025233310 is found and not active! Card 2310025233310 already linked to user +79652112851

User +79257022017 is found! Card 2310025233328 is found and not active! Card 2310025233328 already linked to user +79257022017

User +79257022017 is found! Card 2310025233336 is found and not active! Card 2310025233336 already linked to user +79257022017

User +79267104518 is found! Card 2310025233344 is found and not active! Card 2310025233344 already linked to user +79267104518

User +79267104518 is found! Card 2310025233351 is found and not active! Card 2310025233351 already linked to user +79267104518

User +79266497163 is found! Card 2310025233369 is found and not active! Card 2310025233369 already linked to user +79266497163

User +79266497163 is found! Card 2310025233377 is found and not active! Card 2310025233377 already linked to user +79266497163

User +79266497268 is found! Card 2310025233385 is found and not active! Card 2310025233385 already linked to user +79266497268

User +79266497268 is found! Card 2310025233393 is found and not active! Card 2310025233393 already linked to user +79266497268

User +79191090759 is found! Card 2310025233401 is found and not active! Card 2310025233401 already linked to user +79191090759

User +79160368018 is found! Card 2310025233419 is found and not active! Card 2310025233419 already linked to user +79160368018

User +79160368018 is found! Card 2310025233427 is found and not active! Card 2310025233427 already linked to user +79160368018

User +79031102594 is found! Card 2310025233435 is found and not active! Card 2310025233435 already linked to user +79031102594

User +79165338253 is found! Card 2310025233443 is found and not active! Card 2310025233443 already linked to user +79165338253

User +79165338253 is found! Card 2310025233450 is found and not active! Card 2310025233450 already linked to user +79165338253

User +79151140504 is found! Card 2310025234193 is found and not active! Card 2310025234193 already linked to user +79151140504

User +79151140504 is found! Card 2310025234201 is found and not active! Card 2310025234201 already linked to user +79151140504

User +79165948664 is found! Card 2310025234227 is found and not active! Card 2310025234227 already linked to user +79165948664

User +79165948664 is found! Card 2310025234219 is found and not active! Card 2310025234219 already linked to user +79165948664

User +79096877909 is found! Card 2310025234235 is found and not active! Card 2310025234235 already linked to user +79096877909

User +79663505901 is found! Card 2310025234243 is found and not active! Card 2310025234243 already linked to user +79663505901

User +79663505901 is found! Card 2310025233534 is found and not active! Card 2310025233534 already linked to user +79663505901

User +79258809909 is found! Card 2310025233526 is found and not active! Card 2310025233526 already linked to user +79258809909

User +79258809909 is found! Card 2310025233518 is found and not active! Card 2310025233518 already linked to user +79258809909

User +79264100819 is found! Card 2310025233500 is found and not active! Card 2310025233500 already linked to user +79264100819

User +79264100819 is found! Card 2310025233492 is found and not active! Card 2310025233492 already linked to user +79264100819

User +79096877909 is found! Card 2310025233468 is found and not active! Card 2310025233468 already linked to user +79096877909

User +79265462249 is found! Card 2310025233484 is found and not active! Card 2310025233484 already linked to user +79265462249

User +79035648982 is found! Card 2310025234169 is found and not active! Card 2310025234169 already linked to user +79035648982

User +79035648982 is found! Card 2310025234177 is found and not active! Card 2310025234177 already linked to user +79035648982

User +79031428525 is found! Card 2310025234185 is found and not active! Card 2310025234185 already linked to user +79031428525

User +79057573335 is found! Card 2310025234151 is found and not active! Card 2310025234151 already linked to user +79057573335

User +79057573335 is found! Card 2310025234144 is found and not active! Card 2310025234144 already linked to user +79057573335

User +79055650707 is found! Card 2310025234102 is found and not active! Card 2310025234102 already linked to user +79055650707

User +79055650707 is found! Card 2310025234094 is found and not active! Card 2310025234094 already linked to user +79055650707

User +79175325621 is found! Card 2310025234136 is found and not active! Card 2310025234136 already linked to user +79175325621

User +79689364995 is found! Card 2310025234128 is found and not active! Card 2310025234128 already linked to user +79689364995

User +79689364995 is found! Card 2310025234110 is found and not active! Card 2310025234110 already linked to user +79689364995

User +79670304557 is found! Card 2310025234078 is found and not active! Card 2310025234078 already linked to user +79670304557

User +79670304557 is found! Card 2310025234086 is found and not active! Card 2310025234086 already linked to user +79670304557

User +79774079054 is found! Card 2310025234052 is found and not active! Card 2310025234052 already linked to user +79774079054

User +79774079054 is found! Card 2310025234060 is found and not active! Card 2310025234060 already linked to user +79774079054

User +79852788768 is found! Card 2310025234037 is found and not active! Card 2310025234037 already linked to user +79852788768

User +79852788768 is found! Card 2310025234045 is found and not active! Card 2310025234045 already linked to user +79852788768

User +79163211266 is found! Card 2310025234029 is found and not active! Card 2310025234029 already linked to user +79163211266

User +79886458812 is found! Card 2310025234011 is found and not active! Card 2310025234011 already linked to user +79886458812

User +79886458812 is found! Card 2310025234003 is found and not active! Card 2310025234003 already linked to user +79886458812

User +79162552960 is found! Card 2310025233997 is found and not active! Card 2310025233997 already linked to user +79162552960

User +79162552960 is found! Card 2310025233989 is found and not active! Card 2310025233989 already linked to user +79162552960

User +79150560661 is found! Card 2310025233971 is found and not active! Card 2310025233971 already linked to user +79150560661

User +79166515199 is found! Card 2310025233963 is found and not active! Card 2310025233963 already linked to user +79166515199

User +79166515199 is found! Card 2310025233955 is found and not active! Card 2310025233955 already linked to user +79166515199

User +79166515991 is found! Card 2310025233948 is found and not active! Card 2310025233948 already linked to user +79166515991

User +79166515991 is found! Card 2310025233930 is found and not active! Card 2310025233930 already linked to user +79166515991

User +79268600736 is found! Card 2310025233922 is found and not active! Card 2310025233922 already linked to user +79268600736

User +79168545385 is found! Card 2310025233914 is found and not active! Card 2310025233914 already linked to user +79168545385

User +79037979487 is found! Card 2310025233906 is found and not active! Card 2310025233906 already linked to user +79037979487

User +79037979487 is found! Card 2310025233898 is found and not active! Card 2310025233898 already linked to user +79037979487

User +79031090602 is found! Card 2310025233880 is found and not active! Card 2310025233880 already linked to user +79031090602

User +79031090602 is found! Card 2310025233872 is found and not active! Card 2310025233872 already linked to user +79031090602

User +79629365310 is found! Card 2310025233849 is found and not active! Card 2310025233849 already linked to user +79629365310

User +79629365310 is found! Card 2310025233831 is found and not active! Card 2310025233831 already linked to user +79629365310

User +79057359364 is found! Card 2310025233823 is found and not active! Card 2310025233823 already linked to user +79057359364

User +79153372756 is found! Card 2310025233815 is found and not active! Card 2310025233815 already linked to user +79153372756

User +79106483622 is found! Card 2310025233807 is found and not active! Card 2310025233807 already linked to user +79106483622

User +79106483622 is found! Card 2310025233799 is found and not active! Card 2310025233799 already linked to user +79106483622

User +79165492689 is found! Card 2310025233781 is found and not active! Card 2310025233781 already linked to user +79165492689

User +79165492689 is found! Card 2310025233773 is found and not active! Card 2310025233773 already linked to user +79165492689

User +79162930116 is found! Card 2310025233765 is found and not active! Card 2310025233765 already linked to user +79162930116

User +79162930116 is found! Card 2310025233757 is found and not active! Card 2310025233757 already linked to user +79162930116

User +79161651850 is found! Card 2310025233740 is found and not active! Card 2310025233740 already linked to user +79161651850

User +79161651850 is found! Card 2310025233732 is found and not active! Card 2310025233732 already linked to user +79161651850

User +79160842914 is found! Card 2310025233724 is found and not active! Card 2310025233724 already linked to user +79160842914

User +79160842914 is found! Card 2310025233476 is found and not active! Card 2310025233476 already linked to user +79160842914

User +79263538968 is found! Card 2310025233716 is found and not active! Card 2310025233716 already linked to user +79263538968

User +79263538968 is found! Card 2310025233708 is found and not active! Card 2310025233708 already linked to user +79263538968

User +79055147611 is found! Card 2310025233690 is found and not active! Card 2310025233690 already linked to user +79055147611

User +79055147611 is found! Card 2310025233682 is found and not active! Card 2310025233682 already linked to user +79055147611

User +79263364877 is found! Card 2310025233641 is found and not active! Card 2310025233641 already linked to user +79263364877

User +79263364877 is found! Card 2310025233633 is found and not active! Card 2310025233633 already linked to user +79263364877

User +79032957574 is found! Card 2310025233666 is found and not active! Card 2310025233666 already linked to user +79032957574

User +79032957574 is found! Card 2310025233658 is found and not active! Card 2310025233658 already linked to user +79032957574

User +79264588851 is found! Card 2310025233674 is found and not active! Card 2310025233674 already linked to user +79264588851

User +79629389738 is found! Card 2310025233625 is found and not active! Card 2310025233625 already linked to user +79629389738

User +79168366080 is found! Card 2310025233617 is found and not active! Card 2310025233617 already linked to user +79168366080

User +79168366080 is found! Card 2310025233609 is found and not active! Card 2310025233609 already linked to user +79168366080

User +79251910482 is found! Card 2310025233583 is found and not active! Card 2310025233583 already linked to user +79251910482

User +79251910482 is found! Card 2310025233591 is found and not active! Card 2310025233591 already linked to user +79251910482

User +79265203205 is found! Card 2310025233575 is found and not active! Card 2310025233575 already linked to user +79265203205

User +79265203205 is found! Card 2310025232635 is found and not active! Card 2310025232635 already linked to user +79265203205

User +79854283723 is found! Card 2310025233054 is found and not active! Card 2310025233054 already linked to user +79854283723

User +79854283723 is found! Card 2310025233047 is found and not active! Card 2310025233047 already linked to user +79854283723

User +79854283723 is found! Card 2310025233039 is found and not active! Card 2310025233039 already linked to user +79854283723

User +79163586786 is found! Card 2310025233021 is found and not active! Card 2310025233021 already linked to user +79163586786

User +79163586786 is found! Card 2310025233013 is found and not active! Card 2310025233013 already linked to user +79163586786

User +79670998877 is found! Card 2310025233005 is found and not active! Card 2310025233005 already linked to user +79670998877

User +79670998877 is found! Card 2310025232999 is found and not active! Card 2310025232999 already linked to user +79670998877

User +79168107175 is found! Card 2310025232981 is found and not active! Card 2310025232981 already linked to user +79168107175

User +79168107175 is found! Card 2310025232973 is found and not active! Card 2310025232973 already linked to user +79168107175

User +79032867373 is found! Card 2310025232965 is found and not active! Card 2310025232965 already linked to user +79032867373

User +79032867373 is found! Card 2310025232957 is found and not active! Card 2310025232957 already linked to user +79032867373

User +79629873844 is found! Card 2310025232940 is found and not active! Card 2310025232940 already linked to user +79629873844

User +79629873844 is found! Card 2310025232932 is found and not active! Card 2310025232932 already linked to user +79629873844

User +79169127086 is found! Card 2310025232916 is found and not active! Card 2310025232916 already linked to user +79169127086

User +79169127086 is found! Card 2310025232924 is found and not active! Card 2310025232924 already linked to user +79169127086

User +79854802569 is found! Card 2310025232908 is found and not active! Card 2310025232908 already linked to user +79854802569

User +79854802569 is found! Card 2310025232890 is found and not active! Card 2310025232890 already linked to user +79854802569

User +79067116320 is found! Card 2310025232882 is found and not active! Card 2310025232882 already linked to user +79067116320

User +79175210345 is found! Card 2310025232874 is found and not active! Card 2310025232874 already linked to user +79175210345

User +79175210345 is found! Card 2310025232866 is found and not active! Card 2310025232866 already linked to user +79175210345

User +79175210345 is found! Card 2310025232858 is found and not active! Card 2310025232858 already linked to user +79175210345

User +79161626873 is found! Card 2310025232841 is found and not active! Card 2310025232841 already linked to user +79161626873

User +79161626873 is found! Card 2310025232833 is found and not active! Card 2310025232833 already linked to user +79161626873

User +79152229078 is found! Card 2310025232825 is found and not active! Card 2310025232825 already linked to user +79152229078

User +79152229078 is found! Card 2310025232817 is found and not active! Card 2310025232817 already linked to user +79152229078

User +79169490425 is found! Card 2310025232809 is found and not active! Card 2310025232809 already linked to user +79169490425

User +79152136181 is found! Card 2310025232791 is found and not active! Card 2310025232791 already linked to user +79152136181

User +79032775678 is found! Card 2310025232783 is found and not active! Card 2310025232783 already linked to user +79032775678

User +79032775678 is found! Card 2310025232775 is found and not active! Card 2310025232775 already linked to user +79032775678

User +79262791326 is found! Card 2310025232767 is found and not active! Card 2310025232767 already linked to user +79262791326

User +79262791326 is found! Card 2310025232759 is found and not active! Card 2310025232759 already linked to user +79262791326

User +79265884691 is found! Card 2310025232742 is found and not active! Card 2310025232742 already linked to user +79265884691

User +79265884691 is found! Card 2310025232734 is found and not active! Card 2310025232734 already linked to user +79265884691

User +79859225061 is found! Card 2310025232726 is found and not active! Card 2310025232726 already linked to user +79859225061

User +79859225061 is found! Card 2310025232718 is found and not active! Card 2310025232718 already linked to user +79859225061

User +79057475779 is found! Card 2310025232700 is found and not active! Card 2310025232700 already linked to user +79057475779

User +79057475779 is found! Card 2310025232692 is found and not active! Card 2310025232692 already linked to user +79057475779

User +79099185954 is found! Card 2310025232684 is found and not active! Card 2310025232684 already linked to user +79099185954

User +79150084991 is found! Card 2310025232676 is found and not active! Card 2310025232676 already linked to user +79150084991

User +79150084991 is found! Card 2310025232668 is found and not active! Card 2310025232668 already linked to user +79150084991

User +79164959625 is found! Card 2310025232650 is found and not active! Card 2310025232650 already linked to user +79164959625

User +79164959625 is found! Card 2310025232643 is found and not active! Card 2310025232643 already linked to user +79164959625

User +79166758130 is found! Card 2310025232312 is found and not active! Card 2310025232312 already linked to user +79166758130

User +79166758130 is found! Card 2310025232304 is found and not active! Card 2310025232304 already linked to user +79166758130

User +79166758130 is found! Card 2310025232296 is found and not active! Card 2310025232296 already linked to user +79166758130

User +79166758130 is found! Card 2310025233138 is found and not active! Card 2310025233138 already linked to user +79166758130

User +79165475914 is found! Card 2310025233120 is found and not active! Card 2310025233120 already linked to user +79165475914

User +79165475914 is found! Card 2310025233112 is found and not active! Card 2310025233112 already linked to user +79165475914

User +79167785386 is found! Card 2310025233104 is found and not active! Card 2310025233104 already linked to user +79167785386

User +79167785386 is found! Card 2310025232320 is found and not active! Card 2310025232320 already linked to user +79167785386

User +79199623235 is found! Card 2310025232429 is found and not active! Card 2310025232429 already linked to user +79199623235

User +79199623235 is found! Card 2310025232411 is found and not active! Card 2310025232411 already linked to user +79199623235

User +79775163626 is found! Card 2310025232403 is found and not active! Card 2310025232403 already linked to user +79775163626

User +79775163626 is found! Card 2310025232395 is found and not active! Card 2310025232395 already linked to user +79775163626

User +79152428986 is found! Card 231002523287 is not found!

User +79152428986 is found! Card 2310025232379 is found and not active! Card 2310025232379 already linked to user +79152428986

User +79261356793 is found! Card 2310025232361 is found and not active! Card 2310025232361 already linked to user +79261356793

User +79261356793 is found! Card 2310025232353 is found and not active! Card 2310025232353 already linked to user +79261356793

User +79264749964 is found! Card 2310025232346 is found and not active! Card 2310025232346 already linked to user +79264749964

User +79264749964 is found! Card 2310025232338 is found and not active! Card 2310025232338 already linked to user +79264749964

User +79250710844 is found! Card 2310025233088 is found and not active! Card 2310025233088 already linked to user +79250710844

User +79250710844 is found! Card 2310025233096 is found and not active! Card 2310025233096 already linked to user +79250710844

User +79057031233 is found! Card 2310025232486 is found and not active! Card 2310025232486 already linked to user +79057031233

User +79057031233 is found! Card 2310025232478 is found and not active! Card 2310025232478 already linked to user +79057031233

User +79262457698 is found! Card 2310025232460 is found and not active! Card 2310025232460 already linked to user +79262457698

User +79262457698 is found! Card 2310025232452 is found and not active! Card 2310025232452 already linked to user +79262457698

User +79167102018 is found! Card 2310025232445 is found and not active! Card 2310025232445 already linked to user +79167102018

User +79167102018 is found! Card 2310025232437 is found and not active! Card 2310025232437 already linked to user +79167102018

User +79856231067 is found! Card 2310025233070 is found and not active! Card 2310025233070 already linked to user +79856231067

User +79856231067 is found! Card 2310025233062 is found and not active! Card 2310025233062 already linked to user +79856231067

User +79852136010 is found! Card 2310025230639 is found and not active! Card 2310025230639 already linked to user +79852136010

User +79852136010 is found! Card 2310025230621 is found and not active! Card 2310025230621 already linked to user +79852136010

User +79672279666 is found! Card 2310025230613 is found and not active! Card 2310025230613 already linked to user +79672279666

User +79672279666 is found! Card 2310025230605 is found and not active! Card 2310025230605 already linked to user +79672279666

User +79859804269 is found! Card 2310025230597 is found and not active! Card 2310025230597 already linked to user +79859804269

User +79859804269 is found! Card 2310025231132 is found and not active! Card 2310025231132 already linked to user +79859804269

User +79035467064 is found! Card 2310025232577 is found and not active! Card 2310025232577 already linked to user +79035467064

User +79035467064 is found! Card 2310025232569 is found and not active! Card 2310025232569 already linked to user +79035467064

User +79055333143 is found! Card 2310025232551 is found and not active! Card 2310025232551 already linked to user +79055333143

User +79055333143 is found! Card 2310025232544 is found and not active! Card 2310025232544 already linked to user +79055333143

User +79258820807 is found! Card 2310025232502 is found and not active! Card 2310025232502 already linked to user +79258820807

User +79031040641 is found! Card 2310025232536 is found and not active! Card 2310025232536 already linked to user +79031040641

User +79031040641 is found! Card 2310025232528 is found and not active! Card 2310025232528 already linked to user +79031040641

User +79161718314 is found! Card 2310025232510 is found and not active! Card 2310025232510 already linked to user +79161718314

User +79161718314 is found! Card 2310025232494 is found and not active! Card 2310025232494 already linked to user +79161718314

User +79267516863 is found! Card 2310025230647 is found and not active! Card 2310025230647 already linked to user +79267516863

User +79267516863 is found! Card 2310025230654 is found and not active! Card 2310025230654 already linked to user +79267516863

User +79637604032 is found! Card 2310025230662 is found and not active! Card 2310025230662 already linked to user +79637604032

User +79637604032 is found! Card 2310025230670 is found and not active! Card 2310025230670 already linked to user +79637604032

User +79251767778 is found! Card 2310025230688 is found and not active! Card 2310025230688 already linked to user +79251767778

User +79251767778 is found! Card 2310025230696 is found and not active! Card 2310025230696 already linked to user +79251767778

User +79031320351 is found! Card 2310025230720 is found and not active! Card 2310025230720 already linked to user +79031320351

User +79031320351 is found! Card 2310025230738 is found and not active! Card 2310025230738 already linked to user +79031320351

User +79998324649 is found! Card 2310025230746 is found and not active! Card 2310025230746 already linked to user +79998324649

User +79998324649 is found! Card 2310025230753 is found and not active! Card 2310025230753 already linked to user +79998324649

User +79037810405 is found! Card 2310025230761 is found and not active! Card 2310025230761 already linked to user +79037810405

User +79037810405 is found! Card 2310025230779 is found and not active! Card 2310025230779 already linked to user +79037810405

User +79684887988 is found! Card 2310025230787 is found and not active! Card 2310025230787 already linked to user +79684887988

User +79684887988 is found! Card 2310025230795 is found and not active! Card 2310025230795 already linked to user +79684887988

User +79031452615 is found! Card 2310025230803 is found and not active! Card 2310025230803 already linked to user +79031452615

User +79031452615 is found! Card 2310025230811 is found and not active! Card 2310025230811 already linked to user +79031452615

User +79774828909 is found! Card 2310025230829 is found and not active! Card 2310025230829 already linked to user +79774828909

User +79774828909 is found! Card 2310025230837 is found and not active! Card 2310025230837 already linked to user +79774828909

User +79636922866 is found! Card 2310025230845 is found and not active! Card 2310025230845 already linked to user +79636922866

User +79636922866 is found! Card 2310025230852 is found and not active! Card 2310025230852 already linked to user +79636922866

User +79060529291 is found! Card 2310025230860 is found and not active! Card 2310025230860 already linked to user +79060529291

User +79060529291 is found! Card 2310025230878 is found and not active! Card 2310025230878 already linked to user +79060529291

User +79167723094 is found! Card 2310025230886 is found and not active! Card 2310025230886 already linked to user +79167723094

User +79167723094 is found! Card 2310025230894 is found and not active! Card 2310025230894 already linked to user +79167723094

User +79151170790 is found! Card 2310025230902 is found and not active! Card 2310025230902 already linked to user +79151170790

User +79151170790 is found! Card 2310025230910 is found and not active! Card 2310025230910 already linked to user +79151170790

User +79166881417 is found! Card 2310025230928 is found and not active! Card 2310025230928 already linked to user +79166881417

User +79166881417 is found! Card 2310025230936 is found and not active! Card 2310025230936 already linked to user +79166881417

User +79687255667 is found! Card 2310025230944 is found and not active! Card 2310025230944 already linked to user +79687255667

User +79687255667 is found! Card 2310025230951 is found and not active! Card 2310025230951 already linked to user +79687255667

User +79067107036 is found! Card 2310025230969 is found and not active! Card 2310025230969 already linked to user +79067107036

User +79067107036 is found! Card 2310025230977 is found and not active! Card 2310025230977 already linked to user +79067107036

User +79055236992 is found! Card 2310025230985 is found and not active! Card 2310025230985 already linked to user +79055236992

User +79055236992 is found! Card 2310025230993 is found and not active! Card 2310025230993 already linked to user +79055236992

User +79688982639 is found! Card 2310025231009 is found and not active! Card 2310025231009 already linked to user +79688982639

User +79692550460 is found! Card 2310025231017 is found and not active! Card 2310025231017 already linked to user +79692550460

User +79692550460 is found! Card 2310025231025 is found and not active! Card 2310025231025 already linked to user +79692550460

User +79251325726 is found! Card 2310025221033 is not found!

User +79251325726 is found! Card 2310025231041 is found and not active! Card 2310025231041 already linked to user +79251325726

User +79267141211 is found! Card 2310025231066 is found and not active! Card 2310025231066 already linked to user +79267141211

User +79267141211 is found! Card 2310025231058 is found and not active! Card 2310025231058 already linked to user +79267141211

User +79261093648 is found! Card 2310025231074 is found and not active! Card 2310025231074 already linked to user +79261093648

User +79261093648 is found! Card 2310025231082 is found and not active! Card 2310025231082 already linked to user +79261093648

User +79689688393 is found! Card 2310025231090 is found and not active! Card 2310025231090 already linked to user +79689688393

User +79689688393 is found! Card 2310025231108 is found and not active! Card 2310025231108 already linked to user +79689688393

User +79104753694 is found! Card 2310025231116 is found and not active! Card 2310025231116 already linked to user +79104753694

User +79104753694 is found! Card 2310025231124 is found and not active! Card 2310025231124 already linked to user +79104753694

User +79150305709 is found! Card 2310025232270 is found and not active! Card 2310025232270 already linked to user +79150305709

User +79150305709 is found! Card 2310025232288 is found and not active! Card 2310025232288 already linked to user +79150305709

User +79154059225 is found! Card 2310025232254 is found and not active! Card 2310025232254 already linked to user +79154059225

User +79154059225 is found! Card 2310025232262 is found and not active! Card 2310025232262 already linked to user +79154059225

User +79167907824 is found! Card 2310025232239 is found and not active! Card 2310025232239 already linked to user +79167907824

User +79167907824 is found! Card 2310025232247 is found and not active! Card 2310025232247 already linked to user +79167907824

User +79167907824 is found! Card 2310025232197 is found and not active! Card 2310025232197 already linked to user +79167907824

User +79167907824 is found! Card 2310025232205 is found and not active! Card 2310025232205 already linked to user +79167907824

User +79167907824 is found! Card 2310025232213 is found and not active! Card 2310025232213 already linked to user +79167907824

User +79167907824 is found! Card 2310025232221 is found and not active! Card 2310025232221 already linked to user +79167907824

User +79167565034 is found! Card 2310025232171 is found and not active! Card 2310025232171 already linked to user +79167565034

User +79167565034 is found! Card 2310025232189 is found and not active! Card 2310025232189 already linked to user +79167565034

User +79151779120 is found! Card 2310025232155 is found and not active! Card 2310025232155 already linked to user +79151779120

User +79151779120 is found! Card 2310025232163 is found and not active! Card 2310025232163 already linked to user +79151779120

User +79151779120 is found! Card 2310025232130 is found and not active! Card 2310025232130 already linked to user +79151779120

User +79151779120 is found! Card 2310025232148 is found and not active! Card 2310025232148 already linked to user +79151779120

User +79037763236 is found! Card 2310025232114 is found and not active! Card 2310025232114 already linked to user +79037763236

User +79037763236 is found! Card 2310025232122 is found and not active! Card 2310025232122 already linked to user +79037763236

User +79067770845 is found! Card 2310025232106 is found and not active! Card 2310025232106 already linked to user +79067770845

User +79067770845 is found! Card 2310025232098 is found and not active! Card 2310025232098 already linked to user +79067770845

User +79257964648 is found! Card 2310025232080 is found and not active! Card 2310025232080 already linked to user +79257964648

User +79257964648 is found! Card 2310025232072 is found and not active! Card 2310025232072 already linked to user +79257964648

User +79262875574 is found! Card 2310025232064 is found and not active! Card 2310025232064 already linked to user +79262875574

User +79262875574 is found! Card 2310025232056 is found and not active! Card 2310025232056 already linked to user +79262875574

User +79102151144 is found! Card 2310025232049 is found and not active! Card 2310025232049 already linked to user +79102151144

User +79102151144 is found! Card 2310025232023 is found and not active! Card 2310025232023 already linked to user +79102151144

User +79038445281 is found! Card 2310025230076 is found and not active! Card 2310025230076 already linked to user +79038445281

User +79038445281 is found! Card 2310025230068 is found and not active! Card 2310025230068 already linked to user +79038445281

User +79119105147 is found! Card 2310025232015 is found and not active! Card 2310025232015 already linked to user +79119105147

User +79119105147 is found! Card 2310025230084 is found and not active! Card 2310025230084 already linked to user +79119105147

User +79267054855 is found! Card 2310025230092 is found and not active! Card 2310025230092 already linked to user +79267054855

User +79267054855 is found! Card 2310025230100 is found and not active! Card 2310025230100 already linked to user +79267054855

User +79151753208 is found! Card 2310025230126 is found and not active! Card 2310025230126 already linked to user +79151753208

User +79151753208 is found! Card 2310025230118 is found and not active! Card 2310025230118 already linked to user +79151753208

User +79150614725 is found! Card 2310025230134 is found and not active! Card 2310025230134 already linked to user +79150614725

User +79150614725 is found! Card 2310025230142 is found and not active! Card 2310025230142 already linked to user +79150614725

User +79058511498 is found! Card 2310025230167 is found and not active! Card 2310025230167 already linked to user +79058511498

User +79058511498 is found! Card 2310025230159 is found and not active! Card 2310025230159 already linked to user +79058511498

User +79269266629 is found! Card 2310025230175 is found and not active! Card 2310025230175 already linked to user +79269266629

User +79269266629 is found! Card 2310025230183 is found and not active! Card 2310025230183 already linked to user +79269266629

User +79051845636 is found! Card 2310025230209 is found and not active! Card 2310025230209 already linked to user +79051845636

User +79051845636 is found! Card 2310025230191 is found and not active! Card 2310025230191 already linked to user +79051845636

User +79052698747 is found! Card 2310025230217 is found and not active! Card 2310025230217 already linked to user +79052698747

User +79052698747 is found! Card 2310025230225 is found and not active! Card 2310025230225 already linked to user +79052698747

User +79857481845 is found! Card 2310025230241 is found and not active! Card 2310025230241 already linked to user +79857481845

User +79857481845 is found! Card 2310025230233 is found and not active! Card 2310025230233 already linked to user +79857481845

User +79897535896 is found! Card 2310025231983 is found and not active! Card 2310025231983 already linked to user +79897535896

User +79897535896 is found! Card 2310025231967 is found and not active! Card 2310025231967 already linked to user +79897535896

User +79031059193 is found! Card 2310025231983 is found and not active! Card 2310025231983 already linked to user +79031059193

User +79031059193 is found! Card 2310025231967 is found and not active! Card 2310025231967 already linked to user +79031059193

User +79169724205 is found! Card 2310025231975 is found and not active! Card 2310025231975 already linked to user +79169724205

User +79169724205 is found! Card 2310025230258 is found and not active! Card 2310025230258 already linked to user +79169724205

User +79685728782 is found! Card 2310025230274 is found and not active! Card 2310025230274 already linked to user +79685728782

User +79685728782 is found! Card 2310025230266 is found and not active! Card 2310025230266 already linked to user +79685728782

User +79851946404 is found! Card 2310025230308 is found and not active! Card 2310025230308 already linked to user +79851946404

User +79851946404 is found! Card 2310025230316 is found and not active! Card 2310025230316 already linked to user +79851946404

User +79858219386 is found! Card 2310025230324 is found and not active! Card 2310025230324 already linked to user +79858219386

User +79858219386 is found! Card 2310025230332 is found and not active! Card 2310025230332 already linked to user +79858219386

User +79160412899 is found! Card 2310025230340 is found and not active! Card 2310025230340 already linked to user +79160412899

User +79160412899 is found! Card 2310025230357 is found and not active! Card 2310025230357 already linked to user +79160412899

User +79253834903 is found! Card 2310025230365 is found and not active! Card 2310025230365 already linked to user +79253834903

User +79253834903 is found! Card 2310025230373 is found and not active! Card 2310025230373 already linked to user +79253834903

User +79853118218 is found! Card 2310025230399 is found and not active! Card 2310025230399 already linked to user +79853118218

User +79853118218 is found! Card 2310025230381 is found and not active! Card 2310025230381 already linked to user +79853118218

User +79622751558 is found! Card 2310025230415 is found and not active! Card 2310025230415 already linked to user +79622751558

User +79622751558 is found! Card 2310025230472 is found and not active! Card 2310025230472 already linked to user +79622751558

User +79260773691 is found! Card 2310025230480 is not found!

User +79260773691 is found! Card 2310025230504 is not found!

User +79112194140 is found! Card 2310025230498 is found and not active! Card 2310025230498 already linked to user +79112194140

User +79112194140 is found! Card 2310025230506 is found and not active! Card 2310025230506 already linked to user +79112194140

User +79652941597 is found! Card 2310025230456 is found and not active! Card 2310025230456 already linked to user +79652941597

User +79652941597 is found! Card 2310025230464 is found and not active! Card 2310025230464 already linked to user +79652941597

