Connected to db!
User +79672214953 is not found!

User +79096692016 is not found!

User +79096692016 is not found!

User +79263212980 is not found!

User +79263212980 is not found!

User +79266302497 is not found!

User +79266302497 is not found!

User +79262625446 is not found!

User +79262625446 is not found!

User +79850005598 is not found!

User +79163375564 is not found!

User +79854907753 is not found!

User +79295918027 is not found!

User +79295918027 is not found!

User +79057337285 is not found!

User +79057337285 is not found!

User +79164582548 is not found!

User +79101606363 is not found!

User +79101606363 is not found!

User +79101641435 is not found!

User +79101641435 is not found!

User +79167996441 is not found!

User +79167996441 is not found!

User +79266345858 is not found!

User +79258895000 is not found!

User +79161001692 is not found!

User +79161001692 is not found!

User +79166409084 is not found!

User +79166409084 is not found!

User +79057503630 is not found!

User +79057503630 is not found!

User +79257290532 is not found!

User +79772670554 is not found!

User +79852749320 is not found!

User +79163100282 is not found!

User +79163100282 is not found!

User +79372557740 is not found!

User +79372557740 is not found!

User +79372557730 is not found!

User +79372557730 is not found!

User +79372293600 is not found!

User +79032784349 is not found!

User +79032784349 is not found!

User +79645732251 is not found!

User +79651281617 is not found!

User +79651281617 is not found!

User +79261608696 is not found!

User +79261608696 is not found!

User +79629238302 is not found!

User +79629238302 is not found!

User +79031872525 is not found!

User +79060688656 is found! Card 2100537370329 is found and active! Balance of user +79060688656 is not enough! Balance is: 0 need 250

User +79060688656 is found! Card 2100578719200 is found and active! Balance of user +79060688656 is not enough! Balance is: 0 need 250

User +79269686125 is found! Card 2100562653978 is found and not active! Card 2100562653978 already linked to user +79269686125

User +79269686125 is found! Card 2100534507889 is found and not active! Card 2100534507889 already linked to user +79269686125

User +79164781555 is found! Card 2100541620083 is found and active! Balance of user +79164781555 is not enough! Balance is: 209.99999999999994 need 250

User +79164781555 is found! Card 2100545732331 is found and active! Balance of user +79164781555 is not enough! Balance is: 209.99999999999994 need 250

User +79036168318 is found! Card 2100533231051 is found and active! Balance of user +79036168318 is not enough! Balance is: 0 need 250

User +79036168318 is found! Card 2100550829828 is found and active! Balance of user +79036168318 is not enough! Balance is: 0 need 250

User +79160892394 is found! Card 2100599122485 is found and active! Balance of user +79160892394 is not enough! Balance is: 0 need 250

User +79160892394 is found! Card 2100530902763 is found and active! Balance of user +79160892394 is not enough! Balance is: 0 need 250

User +79160892394 is found! Card 2100599122485 is found and active! Balance of user +79160892394 is not enough! Balance is: 0 need 250

User +79160892394 is found! Card 2100530902763 is found and active! Balance of user +79160892394 is not enough! Balance is: 0 need 250

User +79858174597 is found! Card 2100597976693 is not found!

User +79858174597 is found! Card 2100579746977 is found and active! Balance of user +79858174597 is not enough! Balance is: 0 need 250

User +79261200639 is found! Card 2100598884322 is found and active! Balance of user +79261200639 is not enough! Balance is: 159.99999999999994 need 250

User +79167451830 is found! Card 2100563250220 is found and active! Balance of user +79167451830 is not enough! Balance is: 0 need 250

