Connected to db!
User +79178550407 is not found!

User +79033437434 is not found!

User +79083301430 is not found!

User +79046708879 is not found!

User +79046708879 is not found!

User +79173918206 is not found!

User +79173918206 is not found!

User +790655836196 is not found!

User +790655836196 is not found!

User +79083301430 is not found!

User +79625636602 is not found!

User +79625636602 is not found!

User +79625636602 is not found!

User +79625636602 is not found!

User +79172409707 is not found!

User +79172409707 is not found!

User +79050200013 is not found!

User +79050200013 is not found!

User  is not found!

User  is not found!

User  is not found!

User +79177073109 is not found!

User +79177073109 is not found!

User +79177105225 is not found!

User +79177105225 is not found!

User +79877144797 is not found!

User +79877144797 is not found!

User +79274232522 is not found!

User +79274232522 is not found!

User +79372920290 is not found!

User +79372920290 is not found!

User +79376162189 is not found!

User +79376162189 is not found!

User +79297232077 is not found!

User +79297232077 is not found!

User +79872376020 is not found!

User +79872376020 is not found!

User +79872200706 is not found!

User +79872200706 is not found!

User +79600856019 is not found!

User +79600856019 is not found!

User +79600682454 is not found!

User +79625567892 is not found!

User +79625567892 is not found!

User +79534854480 is not found!

User +79372889928 is not found!

User +79047695517 is not found!

User +79047695517 is not found!

User +79503227503 is not found!

User +79503227503 is not found!

User +79655926180 is not found!

User +79655926180 is not found!

User +79046779254 is not found!

User +79046779254 is not found!

User +79179311090 is not found!

User +79179311090 is not found!

User +79178678118 is not found!

User +79178678118 is not found!

User +79297200012 is not found!

User +79297200012 is not found!

User +79179097451 is found! Card 2310020554546 is found and active! Balance of user +79179097451 is enough! Balance before transaction is: 500 Card 2310020554546 is found and not active now! Recipient 56f6b4503af066380637feaa Successfully created transaction 56f6b4503af066380637feaa 2310020554546 record! Successfully add transaction 2310020554546 to Зарина Пантелеева record!

User +79179097451 is found! Card 2310020554553 is found and active! Balance of user +79179097451 is enough! Balance before transaction is: 500 Card 2310020554553 is found and not active now! Recipient 56f6b4503af066380637feaa Successfully created transaction 56f6b4503af066380637feaa 2310020554553 record! Successfully add transaction 2310020554553 to Зарина Пантелеева record!

User +79179097450 is found! Card 2310020554421 is found and active! Balance of user +79179097450 is enough! Balance before transaction is: 500 Card 2310020554421 is found and not active now! Recipient 56f6b4ae3af066380637fec7 Successfully created transaction 56f6b4ae3af066380637fec7 2310020554421 record! Successfully add transaction 2310020554421 to Олег Пантелеев record!

User +79179097452 is found! Card 2310020554561 is found and active! Balance of user +79179097452 is enough! Balance before transaction is: 500 Card 2310020554561 is found and not active now! Recipient 56f6b5163af066380637fede Successfully created transaction 56f6b5163af066380637fede 2310020554561 record! Successfully add transaction 2310020554561 to Софья Пантелеева record!

User +79272430008 is found! Card 2310020554058 is found and active! Balance of user +79272430008 is enough! Balance before transaction is: 1000 Card 2310020554058 is found and not active now! Recipient 56f28c7a8acd3bfb2063f395 Successfully created transaction 56f28c7a8acd3bfb2063f395 2310020554058 record! Successfully add transaction 2310020554058 to Виталий Иванов record!

User +79272430008 is found! Card 2310020554041 is found and active! Balance of user +79272430008 is enough! Balance before transaction is: 1000 Card 2310020554041 is found and not active now! Recipient 56f28c7a8acd3bfb2063f395 Successfully created transaction 56f28c7a8acd3bfb2063f395 2310020554041 record! Successfully add transaction 2310020554041 to Виталий Иванов record!

User +79179097450 is found! Card 2310020554405 is found and active! Balance of user +79179097450 is enough! Balance before transaction is: 500 Card 2310020554405 is found and not active now! Recipient 56f6b4ae3af066380637fec7 Successfully created transaction 56f6b4ae3af066380637fec7 2310020554405 record! Successfully add transaction 2310020554405 to Олег Пантелеев record!

User +79179097452 is found! Card 2310020554397 is found and active! Balance of user +79179097452 is enough! Balance before transaction is: 500 Card 2310020554397 is found and not active now! Recipient 56f6b5163af066380637fede Successfully created transaction 56f6b5163af066380637fede 2310020554397 record! Successfully add transaction 2310020554397 to Софья Пантелеева record!

User +79520326924 is found! Card 2310020504009 is not found!

User +79372824621 is found! Card 2310020554033 is found and active! Balance of user +79372824621 is enough! Balance before transaction is: 1000 Card 2310020554033 is found and not active now! Recipient 56f28cb38acd3bfb2063f3a6 Successfully created transaction 56f28cb38acd3bfb2063f3a6 2310020554033 record! Successfully add transaction 2310020554033 to Татьяна Иванова record!

User +79372824621 is found! Card 2310020554025 is found and active! Balance of user +79372824621 is enough! Balance before transaction is: 1000 Card 2310020554025 is found and not active now! Recipient 56f28cb38acd3bfb2063f3a6 Successfully created transaction 56f28cb38acd3bfb2063f3a6 2310020554025 record! Successfully add transaction 2310020554025 to Татьяна Иванова record!

User +79991622510 is found! Card 2310020554769 is found and active! Balance of user +79991622510 is enough! Balance before transaction is: 500 Card 2310020554769 is found and not active now! Recipient 56f6a44b3af066380637f87e Successfully created transaction 56f6a44b3af066380637f87e 2310020554769 record! Successfully add transaction 2310020554769 to Диана Головкина record!

User +79991622510 is found! Card 2310020554777 is found and active! Balance of user +79991622510 is enough! Balance before transaction is: 500 Card 2310020554777 is found and not active now! Recipient 56f6a44b3af066380637f87e Successfully created transaction 56f6a44b3af066380637f87e 2310020554777 record! Successfully add transaction 2310020554777 to Диана Головкина record!

User +79274369059 is found! Card 2310020554678 is found and active! Balance of user +79274369059 is not enough! Balance is: 0 need 250

User +79047699739 is found! Card 2310020554587 is found and active! Balance of user +79047699739 is enough! Balance before transaction is: 500 Card 2310020554587 is found and not active now! Recipient 56f6a4613af066380637f889 Successfully created transaction 56f6a4613af066380637f889 2310020554587 record! Successfully add transaction 2310020554587 to Станислав Головкин record!

User +79274059593 is found! Card 2310020554462 is found and active! Balance of user +79274059593 is not enough! Balance is: 30 need 250

User +79047699739 is found! Card 2310020554611 is found and active! Balance of user +79047699739 is enough! Balance before transaction is: 500 Card 2310020554611 is found and not active now! Recipient 56f6a4613af066380637f889 Successfully created transaction 56f6a4613af066380637f889 2310020554611 record! Successfully add transaction 2310020554611 to Станислав Головкин record!

User +79274059593 is found! Card 2310020554454 is found and active! Balance of user +79274059593 is not enough! Balance is: 30 need 250

User +79274330388 is found! Card 2310020554496 is found and active! Balance of user +79274330388 is not enough! Balance is: 0 need 250

User +79872612567 is found! Card 2310020554629 is found and active! Balance of user +79872612567 is enough! Balance before transaction is: 500 Card 2310020554629 is found and not active now! Recipient 56f6c0d83af0663806380260 Successfully created transaction 56f6c0d83af0663806380260 2310020554629 record! Successfully add transaction 2310020554629 to Фарида Сабитова record!

User +79276701235 is found! Card 2310020554439 is found and active! Balance of user +79276701235 is not enough! Balance is: 0 need 250

User +79872612567 is found! Card 2310020554660 is found and active! Balance of user +79872612567 is enough! Balance before transaction is: 500 Card 2310020554660 is found and not active now! Recipient 56f6c0d83af0663806380260 Successfully created transaction 56f6c0d83af0663806380260 2310020554660 record! Successfully add transaction 2310020554660 to Фарида Сабитова record!

User +79276701235 is found! Card 2310020554447 is not found!

User +79274330388 is found! Card 2310020554504 is found and active! Balance of user +79274330388 is not enough! Balance is: 0 need 250

User +79274484396 is found! Card 2310020554835 is found and active! Balance of user +79274484396 is not enough! Balance is: 0 need 250

User +79053157943 is found! Card 2310020554513 is not found!

User +79274689003 is found! Card 2310020554389 is found and active! Balance of user +79274689003 is enough! Balance before transaction is: 260 Card 2310020554389 is found and not active now! Recipient 56f6c3293af06638063802de Successfully created transaction 56f6c3293af06638063802de 2310020554389 record! Successfully add transaction 2310020554389 to Елена Оланыть record!

User +79053157943 is found! Card 2310020554538 is found and active! Balance of user +79053157943 is enough! Balance before transaction is: 500 Card 2310020554538 is found and not active now! Recipient 56f6c0c03af066380638025a Successfully created transaction 56f6c0c03af066380638025a 2310020554538 record! Successfully add transaction 2310020554538 to Гуландан Даминова record!

User +79172959984 is found! Card 2310020554827 is found and active! Balance of user +79172959984 is not enough! Balance is: 0 need 250

User +79172959984 is found! Card 2310020554470 is found and active! Balance of user +79172959984 is not enough! Balance is: 0 need 250

User +79376243310 is found! Card 2310020554579 is found and active! Balance of user +79376243310 is enough! Balance before transaction is: 250 Card 2310020554579 is found and not active now! Recipient 56f6c1503af0663806380279 Successfully created transaction 56f6c1503af0663806380279 2310020554579 record! Successfully add transaction 2310020554579 to Алмаз Давлетшин record!

User +79172959984 is found! Card 2310020554512 is found and active! Balance of user +79172959984 is not enough! Balance is: 0 need 250

User +79872968672 is found! Card 2310020554652 is found and active! Balance of user +79872968672 is enough! Balance before transaction is: 500 Card 2310020554652 is found and not active now! Recipient 56f6c3723af06638063802f2 Successfully created transaction 56f6c3723af06638063802f2 2310020554652 record! Successfully add transaction 2310020554652 to Флора Сабитова record!

User +79274036641 is found! Card 2310020554605 is not found!

User +79872968672 is found! Card 2310020554520 is found and active! Balance of user +79872968672 is enough! Balance before transaction is: 500 Card 2310020554520 is found and not active now! Recipient 56f6c3723af06638063802f2 Successfully created transaction 56f6c3723af06638063802f2 2310020554520 record! Successfully add transaction 2310020554520 to Флора Сабитова record!

User +79274036641 is found! Card 2310020554595 is found and active! Balance of user +79274036641 is not enough! Balance is: 0 need 250

User +79270303613 is found! Card 2310020554793 is found and active! Balance of user +79270303613 is not enough! Balance is: 90 need 250

User +79270303613 is found! Card 2310020554785 is found and active! Balance of user +79270303613 is not enough! Balance is: 90 need 250

User +79274410814 is found! Card 2310020554645 is found and active! Balance of user +79274410814 is enough! Balance before transaction is: 500 Card 2310020554645 is found and not active now! Recipient 56f6c98f3af066380638044f Successfully created transaction 56f6c98f3af066380638044f 2310020554645 record! Successfully add transaction 2310020554645 to Максим Лаченков record!

User +79046623486 is found! Card 2310020554819 is found and active! Balance of user +79046623486 is not enough! Balance is: 0 need 250

User +79274410814 is found! Card 2310020554637 is found and active! Balance of user +79274410814 is enough! Balance before transaction is: 500 Card 2310020554637 is found and not active now! Recipient 56f6c98f3af066380638044f Successfully created transaction 56f6c98f3af066380638044f 2310020554637 record! Successfully add transaction 2310020554637 to Максим Лаченков record!

User +79063214141 is found! Card 2310020554843 is found and active! Balance of user +79063214141 is not enough! Balance is: 0 need 250

User +79063214141 is found! Card 2310020554850 is found and active! Balance of user +79063214141 is not enough! Balance is: 0 need 250

User +79625581655 is found! Card 2310020554868 is found and active! Balance of user +79625581655 is not enough! Balance is: 40 need 250

User +79046623486 is found! Card 2310020554801 is found and active! Balance of user +79046623486 is not enough! Balance is: 0 need 250

User +79053172562 is found! Card 2310020554892 is found and active! Balance of user +79053172562 is enough! Balance before transaction is: 500 Card 2310020554892 is found and not active now! Recipient 56e413dd0fd0ee68b76b5e34 Successfully created transaction 56e413dd0fd0ee68b76b5e34 2310020554892 record! Successfully add transaction 2310020554892 to Нурия Тульжанова record!

User +79603095052 is found! Card 2310020554983 is found and active! Balance of user +79603095052 is not enough! Balance is: 0 need 250

User +79053172562 is found! Card 2310020554900 is found and active! Balance of user +79053172562 is enough! Balance before transaction is: 500 Card 2310020554900 is found and not active now! Recipient 56e413dd0fd0ee68b76b5e34 Successfully created transaction 56e413dd0fd0ee68b76b5e34 2310020554900 record! Successfully add transaction 2310020554900 to Нурия Тульжанова record!

User +79172731024 is found! Card 2310020554884 is found and active! Balance of user +79172731024 is not enough! Balance is: 0 need 250

User +79053172562 is found! Card 2310020554918 is found and active! Balance of user +79053172562 is enough! Balance before transaction is: 500 Card 2310020554918 is found and not active now! Recipient 56e413dd0fd0ee68b76b5e34 Successfully created transaction 56e413dd0fd0ee68b76b5e34 2310020554918 record! Successfully add transaction 2310020554918 to Нурия Тульжанова record!

User +79172731024 is found! Card 2310020554876 is found and active! Balance of user +79172731024 is not enough! Balance is: 0 need 250

User +79603095052 is found! Card 2310020554975 is found and active! Balance of user +79603095052 is not enough! Balance is: 0 need 250

User +79534936424 is found! Card 2310020554751 is found and active! Balance of user +79534936424 is not enough! Balance is: 0 need 250

User +79603095052 is found! Card 2310020554959 is found and active! Balance of user +79603095052 is not enough! Balance is: 0 need 250

User +79603095052 is found! Card 2310020554967 is found and active! Balance of user +79603095052 is not enough! Balance is: 0 need 250

User +79534936424 is found! Card 2310020555006 is found and active! Balance of user +79534936424 is not enough! Balance is: 0 need 250

User +79534077637 is found! Card 2310020554744 is found and active! Balance of user +79534077637 is enough! Balance before transaction is: 710 Card 2310020554744 is found and not active now! Recipient 56f6d1633af0663806380675 Successfully created transaction 56f6d1633af0663806380675 2310020554744 record! Successfully add transaction 2310020554744 to Альгина Тухватуллина record!

User +79375777487 is found! Card 2310020554676 is not found!

User +79061145448 is found! Card 2310020554736 is found and active! Balance of user +79061145448 is enough! Balance before transaction is: 1020 Card 2310020554736 is found and not active now! Recipient 56ed9489babf9a6fab924c01 Successfully created transaction 56ed9489babf9a6fab924c01 2310020554736 record! Successfully add transaction 2310020554736 to ирина эйдинова record!

User +79061145448 is found! Card 2310020554728 is found and active! Balance of user +79061145448 is enough! Balance before transaction is: 1020 Card 2310020554728 is found and not active now! Recipient 56ed9489babf9a6fab924c01 Successfully created transaction 56ed9489babf9a6fab924c01 2310020554728 record! Successfully add transaction 2310020554728 to ирина эйдинова record!

User +79196945991 is found! Card 2310020553829 is found and active! Balance of user +79196945991 is not enough! Balance is: 0 need 250

User +79375777487 is found! Card 2310020554694 is found and active! Balance of user +79375777487 is enough! Balance before transaction is: 500 Card 2310020554694 is found and not active now! Recipient 56f6d9813af0663806380845 Successfully created transaction 56f6d9813af0663806380845 2310020554694 record! Successfully add transaction 2310020554694 to Гульнара Хуснутдинова record!

User +79534008030 is found! Card 2310020554710 is found and active! Balance of user +79534008030 is not enough! Balance is: 110 need 250

User +79093068265 is found! Card 2310020554264 is found and active! Balance of user +79093068265 is enough! Balance before transaction is: 500 Card 2310020554264 is found and not active now! Recipient 56f6da9e3af0663806380868 Successfully created transaction 56f6da9e3af0663806380868 2310020554264 record! Successfully add transaction 2310020554264 to Савия Мухаметшина record!

User +79033449296 is found! Card 2310020553886 is found and active! Balance of user +79033449296 is not enough! Balance is: 230 need 250

User +79033449296 is found! Card 2310020553878 is found and active! Balance of user +79033449296 is not enough! Balance is: 230 need 250

User +79093068265 is found! Card 2310020554256 is found and active! Balance of user +79093068265 is enough! Balance before transaction is: 500 Card 2310020554256 is found and not active now! Recipient 56f6da9e3af0663806380868 Successfully created transaction 56f6da9e3af0663806380868 2310020554256 record! Successfully add transaction 2310020554256 to Савия Мухаметшина record!

User +79196949408 is found! Card 2310020553845 is found and active! Balance of user +79196949408 is not enough! Balance is: 0 need 250

User +79196945991 is found! Card 2310020553803 is found and active! Balance of user +79196945991 is not enough! Balance is: 0 need 250

User +79196949408 is found! Card 2310020553860 is found and active! Balance of user +79196949408 is not enough! Balance is: 0 need 250

User +79196945990 is found! Card 2310020553811 is found and active! Balance of user +79196945990 is not enough! Balance is: 0 need 250

User +79196945990 is found! Card 2310020554207 is found and active! Balance of user +79196945990 is not enough! Balance is: 0 need 250

User +79172733859 is found! Card 2310020553837 is found and active! Balance of user +79172733859 is enough! Balance before transaction is: 500 Card 2310020553837 is found and not active now! Recipient 56f163a39a3a3bb14aa09453 Successfully created transaction 56f163a39a3a3bb14aa09453 2310020553837 record! Successfully add transaction 2310020553837 to Алсу Сабирова record!

User +79172733859 is found! Card 2310020553852 is found and active! Balance of user +79172733859 is enough! Balance before transaction is: 500 Card 2310020553852 is found and not active now! Recipient 56f163a39a3a3bb14aa09453 Successfully created transaction 56f163a39a3a3bb14aa09453 2310020553852 record! Successfully add transaction 2310020553852 to Алсу Сабирова record!

User +79872163369 is found! Card 2310020554157 is found and active! Balance of user +79872163369 is not enough! Balance is: 0 need 250

User +79050220306 is found! Card 2310020554173 is found and active! Balance of user +79050220306 is enough! Balance before transaction is: 500 Card 2310020554173 is found and not active now! Recipient 56f539000c9e8fcef98efc62 Successfully created transaction 56f539000c9e8fcef98efc62 2310020554173 record! Successfully add transaction 2310020554173 to Елена Ладнушкина record!

User +79872163369 is found! Card 2310020554165 is found and active! Balance of user +79872163369 is not enough! Balance is: 0 need 250

User +79050220306 is found! Card 2310020554181 is found and active! Balance of user +79050220306 is enough! Balance before transaction is: 500 Card 2310020554181 is found and not active now! Recipient 56f539000c9e8fcef98efc62 Successfully created transaction 56f539000c9e8fcef98efc62 2310020554181 record! Successfully add transaction 2310020554181 to Елена Ладнушкина record!

User +79270302894 is found! Card 2310020554348 is found and active! Balance of user +79270302894 is not enough! Balance is: 0 need 250

User +79172545103 is found! Card 2310020554082 is found and active! Balance of user +79172545103 is not enough! Balance is: 0 need 250

User +79172545103 is found! Card 2310020554074 is found and active! Balance of user +79172545103 is not enough! Balance is: 0 need 250

User +79518991236 is found! Card 2310020554306 is found and active! Balance of user +79518991236 is not enough! Balance is: 0 need 250

User +79518991236 is found! Card 2310020554298 is found and active! Balance of user +79518991236 is not enough! Balance is: 0 need 250

User +79375223696 is found! Card 2310020554066 is found and active! Balance of user +79375223696 is enough! Balance before transaction is: 1380 Card 2310020554066 is found and not active now! Recipient 56f6d8413af0663806380803 Successfully created transaction 56f6d8413af0663806380803 2310020554066 record! Successfully add transaction 2310020554066 to Венера Аракчеева record!

User +79172565500 is found! Card 2310020554249 is found and active! Balance of user +79172565500 is not enough! Balance is: 220.00000000000003 need 250

User +79172565500 is found! Card 2310020554231 is found and active! Balance of user +79172565500 is not enough! Balance is: 220.00000000000003 need 250

User +79520326262 is found! Card 2310020553936 is found and active! Balance of user +79520326262 is not enough! Balance is: 10 need 250

User +79520326262 is found! Card 2310020553928 is found and active! Balance of user +79520326262 is not enough! Balance is: 10 need 250

User +79046775358 is found! Card 2310020553944 is found and active! Balance of user +79046775358 is not enough! Balance is: 0 need 250

User +79046775358 is found! Card 2310020553951 is found and active! Balance of user +79046775358 is not enough! Balance is: 0 need 250

User +79372864057 is found! Card 2310020553969 is found and active! Balance of user +79372864057 is not enough! Balance is: 0 need 250

User +79172352741 is found! Card 2310020554488 is found and active! Balance of user +79172352741 is not enough! Balance is: 0 need 250

User +79172352741 is found! Card 2310020505397 is not found!

User +79276737313 is found! Card 2310020553613 is found and active! Balance of user +79276737313 is not enough! Balance is: 0 need 250

User +79276737311 is found! Card 2310020553597 is found and active! Balance of user +79276737311 is not enough! Balance is: 0 need 250

User +79276737311 is found! Card 2310020553605 is found and active! Balance of user +79276737311 is not enough! Balance is: 0 need 250

User +79053171396 is found! Card 2310020553654 is found and not active! Card 2310020553654 already linked to user +79053171396

User +79053171468 is found! Card 2310020553662 is found and not active! Card 2310020553662 already linked to user +79053171468

User +79061145800 is found! Card 2310020553621 is found and not active! Card 2310020553621 already linked to user +79061145800

User +79061145800 is found! Card 2310020553639 is found and not active! Card 2310020553639 already linked to user +79061145800

User +79053171396 is found! Card 2310020553647 is found and not active! Card 2310020553647 already linked to user +79053171396

User +79053171468 is found! Card 2310020553670 is found and not active! Card 2310020553670 already linked to user +79053171468

User +79053171404 is found! Card 2310020553688 is found and not active! Card 2310020553688 already linked to user +79053171404

User +79673682934 is found! Card 2310020553506 is found and active! Balance of user +79673682934 is not enough! Balance is: 0 need 250

User +79063244495 is found! Card 2310020553530 is found and active! Balance of user +79063244495 is not enough! Balance is: 0 need 250

User +79172484548 is found! Card 2310020553308 is found and active! Balance of user +79172484548 is not enough! Balance is: 0 need 250

User +79063244495 is found! Card 2310020553522 is found and active! Balance of user +79063244495 is not enough! Balance is: 0 need 250

User +79178559559 is found! Card 2310020553464 is found and active! Balance of user +79178559559 is not enough! Balance is: 0 need 250

User +79178559559 is found! Card 2310020553324 is found and active! Balance of user +79178559559 is not enough! Balance is: 0 need 250

User +79370049578 is found! Card 2310020553514 is found and active! Balance of user +79370049578 is enough! Balance before transaction is: 500 Card 2310020553514 is found and not active now! Recipient 56f1620e9a3a3bb14aa09401 Successfully created transaction 56f1620e9a3a3bb14aa09401 2310020553514 record! Successfully add transaction 2310020553514 to Гузель Абдуллина record!

User +79172484548 is found! Card 2310020553316 is found and active! Balance of user +79172484548 is not enough! Balance is: 0 need 250

User +79503104020 is found! Card 2310020553431 is found and active! Balance of user +79503104020 is not enough! Balance is: 0 need 250

User +79376137663 is found! Card 2310020553191 is found and active! Balance of user +79376137663 is not enough! Balance is: 0 need 250

User +79534854482 is found! Card 2310020553472 is found and active! Balance of user +79534854482 is enough! Balance before transaction is: 290 Card 2310020553472 is found and not active now! Recipient 56f0f0c480451bfad0c639ea Successfully created transaction 56f0f0c480451bfad0c639ea 2310020553472 record! Successfully add transaction 2310020553472 to Светлана Михайлова record!

User +79376137663 is found! Card 2310020553217 is found and active! Balance of user +79376137663 is not enough! Balance is: 0 need 250

User +79534854482 is found! Card 2310020553126 is found and active! Balance of user +79534854482 is enough! Balance before transaction is: 290 Card 2310020553126 is found and not active now! Recipient 56f0f0c480451bfad0c639ea Successfully created transaction 56f0f0c480451bfad0c639ea 2310020553126 record! Successfully add transaction 2310020553126 to Светлана Михайлова record!

User +79172345672 is found! Card 2310020553225 is found and active! Balance of user +79172345672 is not enough! Balance is: 0 need 250

User +79172345672 is found! Card 2310020553233 is found and active! Balance of user +79172345672 is not enough! Balance is: 0 need 250

User +79179309334 is found! Card 2310020553167 is found and active! Balance of user +79179309334 is not enough! Balance is: 0 need 250

User +79270432600 is found! Card 2310020553183 is found and active! Balance of user +79270432600 is not enough! Balance is: 0 need 250

User +79270432600 is found! Card 2310020553209 is found and active! Balance of user +79270432600 is not enough! Balance is: 0 need 250

User +79625607254 is found! Card 2310020553241 is found and active! Balance of user +79625607254 is not enough! Balance is: 0 need 250

User +79625607254 is found! Card 2310020553258 is found and active! Balance of user +79625607254 is not enough! Balance is: 0 need 250

User +79172568872 is found! Card 2310020552953 is found and active! Balance of user +79172568872 is not enough! Balance is: 0 need 250

User +79179002663 is found! Card 2310020552979 is found and active! Balance of user +79179002663 is not enough! Balance is: 30 need 250

User +79172568872 is found! Card 2310020552961 is found and active! Balance of user +79172568872 is not enough! Balance is: 0 need 250

