Connected to db!
User +79028703300 is found! Created weight for record +79028703300: 3.5kg Current total income of +79028703300 is 0 User +79028703300 saved with new weight 3.5kg 


User +79089250357 is found! Created weight for record +79089250357: 2.6kg Current total income of +79089250357 is 0 User +79089250357 saved with new weight 2.6kg 


User +79043876477 is found! Created weight for record +79043876477: 2.8kg Current total income of +79043876477 is 0 User +79043876477 saved with new weight 2.8kg 


User +79022547266 is found! Created weight for record +79022547266: 5kg Current total income of +79022547266 is 0 User +79022547266 saved with new weight 5kg 


User +79505515592 is found! Created weight for record +79505515592: 5kg Current total income of +79505515592 is 0 User +79505515592 saved with new weight 5kg 


User +79120449985 is found! Created weight for record +79120449985: 7kg Current total income of +79120449985 is 0 User +79120449985 saved with new weight 7kg 


User +79122192357 is found! Created weight for record +79122192357: 7kg Current total income of +79122192357 is 0 User +79122192357 saved with new weight 7kg 


User +79502025125 is found! Created weight for record +79502025125: 5kg Current total income of +79502025125 is 500 User +79502025125 saved with new weight 5kg 


User +79002110193 is found! Created weight for record +79002110193: 1.9kg Current total income of +79002110193 is 0 User +79002110193 saved with new weight 1.9kg 


User +79120504032 is found! Created weight for record +79120504032: 3.4kg Current total income of +79120504032 is 0 User +79120504032 saved with new weight 3.4kg 


User +79221355715 is found! Created weight for record +79221355715: 1.4kg Current total income of +79221355715 is 0 User +79221355715 saved with new weight 1.4kg 


User +79222285556 is found! Created weight for record +79222285556: 3.6kg Current total income of +79222285556 is 0 User +79222285556 saved with new weight 3.6kg 


User +79126329433 is found! Created weight for record +79126329433: 4.2kg Current total income of +79126329433 is 0 User +79126329433 saved with new weight 4.2kg 


User +79506338474 is found! Created weight for record +79506338474: 7.4kg Current total income of +79506338474 is 0 User +79506338474 saved with new weight 7.4kg 


User +79089001118 is found! Created weight for record +79089001118: 3.3kg Current total income of +79089001118 is 0 User +79089001118 saved with new weight 3.3kg 


User +79122574548 is found! Created weight for record +79122574548: 5kg Current total income of +79122574548 is 0 User +79122574548 saved with new weight 5kg 


User +79222265973 is found! Created weight for record +79222265973: 3.8kg Current total income of +79222265973 is 0 User +79222265973 saved with new weight 3.8kg 


User +79089185039 is found! Created weight for record +79089185039: 5kg Current total income of +79089185039 is 0 User +79089185039 saved with new weight 5kg 


User +79226017122 is found! Created weight for record +79226017122: 3.9kg Current total income of +79226017122 is 0 User +79226017122 saved with new weight 3.9kg 


User +79221241202 is found! Created weight for record +79221241202: 5kg Current total income of +79221241202 is 0 User +79221241202 saved with new weight 5kg 


User +79025684687 is not found! 
Successfully created user Анна Щелканова +79025684687 record!Created weight for record +79025684687: 4.5kg Current total income of +79025684687 is 0 User +79025684687 saved with new weight 4.5kg 


User +789193934446 is not found! 
Successfully created user Рустам Нисафутдинов +789193934446 record!Created weight for record +789193934446: 5kg Current total income of +789193934446 is 0 User +789193934446 saved with new weight 5kg 


User +79920031603 is found! Created weight for record +79920031603: 5kg Current total income of +79920031603 is 0 User +79920031603 saved with new weight 5kg 


User +79826044909 is found! Created weight for record +79826044909: 4.1kg Current total income of +79826044909 is 0 User +79826044909 saved with new weight 4.1kg 


User +79122051494 is found! Created weight for record +79122051494: 5kg Current total income of +79122051494 is 0 User +79122051494 saved with new weight 5kg 


User +79086304836 is found! Created weight for record +79086304836: 3.2kg Current total income of +79086304836 is 0 User +79086304836 saved with new weight 3.2kg 


User +79058599058 is found! Created weight for record +79058599058: 5kg Current total income of +79058599058 is 0 User +79058599058 saved with new weight 5kg 


User +79058599065 is found! Created weight for record +79058599065: 3.8kg Current total income of +79058599065 is 0 User +79058599065 saved with new weight 3.8kg 


User +79122693967 is found! Created weight for record +79122693967: 3.8kg Current total income of +79122693967 is 0 User +79122693967 saved with new weight 3.8kg 


User +79193955529 is found! Created weight for record +79193955529: 5kg Current total income of +79193955529 is 0 User +79193955529 saved with new weight 5kg 


User +79028737474 is found! Created weight for record +79028737474: 1.5kg Current total income of +79028737474 is 320 User +79028737474 saved with new weight 1.5kg 


User +79028781286 is found! Created weight for record +79028781286: 5kg Current total income of +79028781286 is 0 User +79028781286 saved with new weight 5kg 


User +79221445032 is found! Created weight for record +79221445032: 5kg Current total income of +79221445032 is 0 User +79221445032 saved with new weight 5kg 


User +79630512325 is found! Created weight for record +79630512325: 5kg Current total income of +79630512325 is 0 User +79630512325 saved with new weight 5kg 


User +79826168093 is found! Created weight for record +79826168093: 2.6kg Current total income of +79826168093 is 0 User +79826168093 saved with new weight 2.6kg 


User +79502099666 is found! Created weight for record +79502099666: 3.2kg Current total income of +79502099666 is 450 User +79502099666 saved with new weight 3.2kg 


User +79122038437 is found! Created weight for record +79122038437: 1.9kg Current total income of +79122038437 is 0 User +79122038437 saved with new weight 1.9kg 


User +79122435034 is found! Created weight for record +79122435034: 2.9kg Current total income of +79122435034 is 0 User +79122435034 saved with new weight 2.9kg 


User +79826105623 is found! Created weight for record +79826105623: 3.3kg Current total income of +79826105623 is 0 User +79826105623 saved with new weight 3.3kg 


User +79122223065 is found! Created weight for record +79122223065: 5kg Current total income of +79122223065 is 0 User +79122223065 saved with new weight 5kg 


User +79226115565 is found! Created weight for record +79226115565: 5kg Current total income of +79226115565 is 0 User +79226115565 saved with new weight 5kg 


User +79527287298 is found! Created weight for record +79527287298: 5kg Current total income of +79527287298 is 0 User +79527287298 saved with new weight 5kg 


User +79222221775 is found! Created weight for record +79222221775: 0.8kg Current total income of +79222221775 is 430 User +79222221775 saved with new weight 0.8kg 


User +79199358693 is found! Created weight for record +79199358693: 5kg Current total income of +79199358693 is 0 User +79199358693 saved with new weight 5kg 


User +79193900440 is found! Created weight for record +79193900440: 5.1kg Current total income of +79193900440 is 0 User +79193900440 saved with new weight 5.1kg 


User +79826030082 is found! Created weight for record +79826030082: 5kg Current total income of +79826030082 is 0 User +79826030082 saved with new weight 5kg 


User +79126580774 is found! Created weight for record +79126580774: 6kg Current total income of +79126580774 is 0 User +79126580774 saved with new weight 6kg 


User +79222141970 is found! Created weight for record +79222141970: 5kg Current total income of +79222141970 is 0 User +79222141970 saved with new weight 5kg 


User +79126581774 is found! Created weight for record +79126581774: 2.5kg Current total income of +79126581774 is 0 User +79126581774 saved with new weight 2.5kg 


User +79826189355 is found! Created weight for record +79826189355: 5kg Current total income of +79826189355 is 0 User +79826189355 saved with new weight 5kg 


User +79827007788 is found! Created weight for record +79827007788: 5kg Current total income of +79827007788 is 0 User +79827007788 saved with new weight 5kg 


User +79521457777 is found! Created weight for record +79521457777: 5kg Current total income of +79521457777 is 0 User +79521457777 saved with new weight 5kg 


User +79502006666 is found! Created weight for record +79502006666: 5kg Current total income of +79502006666 is 0 User +79502006666 saved with new weight 5kg 


